Starting Next.js server...
▲ Next.js 16.1.3 (Turbopack)
- Local:         http://localhost:3000
- Network:       http://0.0.0.0:3000
- Environments: .env

✓ Starting...
✓ Ready in 774ms
 GET / 200 in 2.5s (compile: 1992ms, render: 486ms)
prisma:query SELECT `main`.`User`.`id`, `main`.`User`.`email`, `main`.`User`.`name`, `main`.`User`.`avatar`, `main`.`User`.`xp`, `main`.`User`.`level`, `main`.`User`.`currentStreak`, `main`.`User`.`longestStreak`, `main`.`User`.`achievements` FROM `main`.`User` WHERE (`main`.`User`.`id` = ? AND 1=1) LIMIT ? OFFSET ?
 GET /api/auth/session 200 in 153ms (compile: 115ms, render: 38ms)
prisma:query SELECT `main`.`Word`.`id`, `main`.`Word`.`word`, `main`.`Word`.`translation`, `main`.`Word`.`pronunciation`, `main`.`Word`.`definition`, `main`.`Word`.`partOfSpeech`, `main`.`Word`.`level`, `main`.`Word`.`isLearned`, `main`.`Word`.`isFavorite`, `main`.`Word`.`reviewCount`, `main`.`Word`.`correctCount`, `main`.`Word`.`lastReviewedAt`, `main`.`Word`.`nextReviewAt`, `main`.`Word`.`easeFactor`, `main`.`Word`.`interval`, `main`.`Word`.`repetitions`, `main`.`Word`.`categoryId`, `main`.`Word`.`userId`, `main`.`Word`.`synonyms`, `main`.`Word`.`antonyms`, `main`.`Word`.`usageNotes`, `main`.`Word`.`createdAt`, `main`.`Word`.`updatedAt` FROM `main`.`Word` WHERE `main`.`Word`.`userId` = ? ORDER BY `main`.`Word`.`createdAt` DESC LIMIT ? OFFSET ?
prisma:query SELECT `main`.`Category`.`id`, `main`.`Category`.`name`, `main`.`Category`.`nameAr`, `main`.`Category`.`color`, `main`.`Category`.`icon`, `main`.`Category`.`userId`, `main`.`Category`.`createdAt`, `main`.`Category`.`updatedAt` FROM `main`.`Category` WHERE `main`.`Category`.`id` IN (?,?) LIMIT ? OFFSET ?
prisma:query SELECT `main`.`Sentence`.`id`, `main`.`Sentence`.`sentence`, `main`.`Sentence`.`translation`, `main`.`Sentence`.`wordId`, `main`.`Sentence`.`isAiGenerated`, `main`.`Sentence`.`createdAt` FROM `main`.`Sentence` WHERE `main`.`Sentence`.`wordId` IN (?,?,?,?,?,?,?,?,?,?,?,?,?,?,?,?,?,?,?,?,?,?,?,?,?,?,?,?,?,?,?,?,?,?,?,?,?,?,?,?,?,?,?,?,?,?,?,?,?,?,?,?,?,?,?,?) LIMIT ? OFFSET ?
prisma:query SELECT `main`.`Category`.`id`, `main`.`Category`.`name`, `main`.`Category`.`nameAr`, `main`.`Category`.`color`, `main`.`Category`.`icon`, `main`.`Category`.`userId`, `main`.`Category`.`createdAt`, `main`.`Category`.`updatedAt`, COALESCE(`aggr_selection_0_Word`.`_aggr_count_words`, 0) AS `_aggr_count_words` FROM `main`.`Category` LEFT JOIN (SELECT `main`.`Word`.`categoryId`, COUNT(*) AS `_aggr_count_words` FROM `main`.`Word` WHERE 1=1 GROUP BY `main`.`Word`.`categoryId`) AS `aggr_selection_0_Word` ON (`main`.`Category`.`id` = `aggr_selection_0_Word`.`categoryId`) WHERE `main`.`Category`.`userId` = ? ORDER BY `main`.`Category`.`createdAt` DESC LIMIT ? OFFSET ?
prisma:query SELECT `main`.`Word`.`id`, `main`.`Word`.`word`, `main`.`Word`.`translation`, `main`.`Word`.`pronunciation`, `main`.`Word`.`definition`, `main`.`Word`.`partOfSpeech`, `main`.`Word`.`level`, `main`.`Word`.`isLearned`, `main`.`Word`.`isFavorite`, `main`.`Word`.`reviewCount`, `main`.`Word`.`correctCount`, `main`.`Word`.`lastReviewedAt`, `main`.`Word`.`nextReviewAt`, `main`.`Word`.`easeFactor`, `main`.`Word`.`interval`, `main`.`Word`.`repetitions`, `main`.`Word`.`categoryId`, `main`.`Word`.`userId`, `main`.`Word`.`synonyms`, `main`.`Word`.`antonyms`, `main`.`Word`.`usageNotes`, `main`.`Word`.`createdAt`, `main`.`Word`.`updatedAt` FROM `main`.`Word` WHERE `main`.`Word`.`userId` = ? ORDER BY `main`.`Word`.`createdAt` DESC LIMIT ? OFFSET ?
prisma:query SELECT `main`.`Category`.`id`, `main`.`Category`.`name`, `main`.`Category`.`nameAr`, `main`.`Category`.`color`, `main`.`Category`.`icon`, `main`.`Category`.`userId`, `main`.`Category`.`createdAt`, `main`.`Category`.`updatedAt` FROM `main`.`Category` WHERE `main`.`Category`.`id` IN (?,?) LIMIT ? OFFSET ?
prisma:query SELECT `main`.`Sentence`.`id`, `main`.`Sentence`.`sentence`, `main`.`Sentence`.`translation`, `main`.`Sentence`.`wordId`, `main`.`Sentence`.`isAiGenerated`, `main`.`Sentence`.`createdAt` FROM `main`.`Sentence` WHERE `main`.`Sentence`.`wordId` IN (?,?,?,?,?,?,?,?,?,?,?,?,?,?,?,?,?,?,?,?,?,?,?,?,?,?,?,?,?,?,?,?,?,?,?,?,?,?,?,?,?,?,?,?,?,?,?,?,?,?,?,?,?,?,?,?) LIMIT ? OFFSET ?
 GET /api/words?userId=cmmha42zj0000p1em9heowwkt 200 in 97ms (compile: 41ms, render: 56ms)
 GET /api/categories?userId=cmmha42zj0000p1em9heowwkt 200 in 101ms (compile: 71ms, render: 29ms)
 GET /api/words?userId=cmmha42zj0000p1em9heowwkt 200 in 112ms (compile: 82ms, render: 30ms)
prisma:query SELECT `main`.`Note`.`id`, `main`.`Note`.`title`, `main`.`Note`.`content`, `main`.`Note`.`color`, `main`.`Note`.`isPinned`, `main`.`Note`.`isArchived`, `main`.`Note`.`tags`, `main`.`Note`.`userId`, `main`.`Note`.`createdAt`, `main`.`Note`.`updatedAt` FROM `main`.`Note` WHERE `main`.`Note`.`userId` = ? ORDER BY `main`.`Note`.`isPinned` DESC, `main`.`Note`.`updatedAt` DESC LIMIT ? OFFSET ?
 GET /api/notes?userId=cmmha42zj0000p1em9heowwkt 200 in 85ms (compile: 53ms, render: 32ms)
prisma:query SELECT `main`.`Category`.`id`, `main`.`Category`.`name`, `main`.`Category`.`nameAr`, `main`.`Category`.`color`, `main`.`Category`.`icon`, `main`.`Category`.`userId`, `main`.`Category`.`createdAt`, `main`.`Category`.`updatedAt`, COALESCE(`aggr_selection_0_Word`.`_aggr_count_words`, 0) AS `_aggr_count_words` FROM `main`.`Category` LEFT JOIN (SELECT `main`.`Word`.`categoryId`, COUNT(*) AS `_aggr_count_words` FROM `main`.`Word` WHERE 1=1 GROUP BY `main`.`Word`.`categoryId`) AS `aggr_selection_0_Word` ON (`main`.`Category`.`id` = `aggr_selection_0_Word`.`categoryId`) WHERE `main`.`Category`.`userId` = ? ORDER BY `main`.`Category`.`createdAt` DESC LIMIT ? OFFSET ?
 GET /api/categories?userId=cmmha42zj0000p1em9heowwkt 200 in 64ms (compile: 56ms, render: 8ms)
prisma:query SELECT `main`.`Note`.`id`, `main`.`Note`.`title`, `main`.`Note`.`content`, `main`.`Note`.`color`, `main`.`Note`.`isPinned`, `main`.`Note`.`isArchived`, `main`.`Note`.`tags`, `main`.`Note`.`userId`, `main`.`Note`.`createdAt`, `main`.`Note`.`updatedAt` FROM `main`.`Note` WHERE `main`.`Note`.`userId` = ? ORDER BY `main`.`Note`.`isPinned` DESC, `main`.`Note`.`updatedAt` DESC LIMIT ? OFFSET ?
 GET /api/notes?userId=cmmha42zj0000p1em9heowwkt 200 in 8ms (compile: 3ms, render: 4ms)
 GET /api/admin/updates 200 in 32ms (compile: 26ms, render: 6ms)
prisma:query SELECT `main`.`AdminUpdate`.`id`, `main`.`AdminUpdate`.`title`, `main`.`AdminUpdate`.`titleAr`, `main`.`AdminUpdate`.`content`, `main`.`AdminUpdate`.`contentAr`, `main`.`AdminUpdate`.`type`, `main`.`AdminUpdate`.`priority`, `main`.`AdminUpdate`.`isPublished`, `main`.`AdminUpdate`.`publishedAt`, `main`.`AdminUpdate`.`expiresAt`, `main`.`AdminUpdate`.`createdAt`, `main`.`AdminUpdate`.`updatedAt` FROM `main`.`AdminUpdate` WHERE `main`.`AdminUpdate`.`isPublished` = ? ORDER BY `main`.`AdminUpdate`.`publishedAt` DESC, `main`.`AdminUpdate`.`createdAt` DESC LIMIT ? OFFSET ?
